<?xml version="1.0" encoding="utf-8" standalone="no"?>
<test-results xmlns:xsi="http://www.w3.org/2001/XMLSchema-instance" xsi:noNamespaceSchemaLocation="nunit_schema_2.5.xsd" name="Pester" total="1" errors="0" failures="0" not-run="0" inconclusive="0" ignored="0" skipped="0" invalid="0" date="2017-03-12" time="11:51:45">
  <environment user="t-ermart" machine-name="T-ERMART-XPS" cwd="C:\kitsune\ReportingServicesTools" user-domain="SOUTHAMERICA" platform="Microsoft Windows 10 Enterprise|C:\windows|\Device\Harddisk0\Partition2" nunit-version="2.5.8.0" os-version="10.0.14393" clr-version="4.0.30319.42000" />
  <culture-info current-culture="es-CO" current-uiculture="en-US" />
  <test-suite type="Powershell" name="Pester" executed="True" result="Success" success="True" time="3.2868" asserts="0">
    <results>
      <test-suite type="TestFixture" name="New-RsFolder" executed="True" result="Success" success="True" time="3.2868" asserts="0" description="New-RsFolder">
        <results>
          <test-case description="Should be a new folder" name="New-RsFolder.Should be a new folder" time="3.2868" asserts="0" success="True" result="Success" executed="True" />
        </results>
      </test-suite>
    </results>
  </test-suite>
</test-results>